<?xml version="1.0" encoding="UTF-8"?>
<!-- Generated by org.testng.reporters.JUnitXMLReporter -->
<testsuite ignored="0" hostname="LAPTOP-J81SHHRK" failures="0" tests="3" name="Default test" time="0.095" errors="0" timestamp="2024-09-27T10:54:23 IST">
  <testcase classname="Testcases.Data_Provider" name="TC1" time="0.016"/>
  <testcase classname="Testcases.Data_Provider" name="TC1" time="0.001"/>
  <testcase classname="Testcases.Data_Provider" name="TC1" time="0.002"/>
</testsuite> <!-- Default test -->
