<?xml version="1.0" encoding="UTF-8"?>
<testng-results ignored="0" total="3" passed="3" failed="0" skipped="0">
  <reporter-output>
  </reporter-output>
  <suite started-at="2024-09-27T10:54:23 IST" name="Default suite" finished-at="2024-09-27T10:54:23 IST" duration-ms="95">
    <groups>
    </groups>
    <test started-at="2024-09-27T10:54:23 IST" name="Default test" finished-at="2024-09-27T10:54:23 IST" duration-ms="95">
      <class name="Testcases.Data_Provider">
        <test-method signature="TC1(java.lang.String,java.lang.String)[pri:0, instance:Testcases.Data_Provider@6f96c77]" started-at="2024-09-27T10:54:23 IST" name="TC1" data-provider="TestData" finished-at="2024-09-27T10:54:23 IST" duration-ms="16" status="PASS">
          <params>
            <param index="0">
              <value>
                <![CDATA[Rohit]]>
              </value>
            </param>
            <param index="1">
              <value>
                <![CDATA[sharma]]>
              </value>
            </param>
          </params>
          <reporter-output>
          </reporter-output>
        </test-method> <!-- TC1 -->
        <test-method signature="TC1(java.lang.String,java.lang.String)[pri:0, instance:Testcases.Data_Provider@6f96c77]" started-at="2024-09-27T10:54:23 IST" name="TC1" data-provider="TestData" finished-at="2024-09-27T10:54:23 IST" duration-ms="1" status="PASS">
          <params>
            <param index="0">
              <value>
                <![CDATA[Virat]]>
              </value>
            </param>
            <param index="1">
              <value>
                <![CDATA[Kohli]]>
              </value>
            </param>
          </params>
          <reporter-output>
          </reporter-output>
        </test-method> <!-- TC1 -->
        <test-method signature="TC1(java.lang.String,java.lang.String)[pri:0, instance:Testcases.Data_Provider@6f96c77]" started-at="2024-09-27T10:54:23 IST" name="TC1" data-provider="TestData" finished-at="2024-09-27T10:54:23 IST" duration-ms="2" status="PASS">
          <params>
            <param index="0">
              <value>
                <![CDATA[Shubman]]>
              </value>
            </param>
            <param index="1">
              <value>
                <![CDATA[Gill]]>
              </value>
            </param>
          </params>
          <reporter-output>
          </reporter-output>
        </test-method> <!-- TC1 -->
      </class> <!-- Testcases.Data_Provider -->
    </test> <!-- Default test -->
  </suite> <!-- Default suite -->
</testng-results>
